2025-02-08 20:14:13,457 [Worker-4: Loading available Gradle versions] INFO  o.e.b.c.i.u.g.PublishedGradleVersions - Gradle version information cache is out-of-date. Trying to update.
2025-02-08 20:17:12,232 [Worker-0: Loading available Gradle versions] INFO  o.e.b.c.i.u.g.PublishedGradleVersions - Gradle version information cache is up-to-date. Trying to read.
2025-02-10 22:43:17,624 [Worker-2: Loading available Gradle versions] INFO  o.e.b.c.i.u.g.PublishedGradleVersions - Gradle version information cache is up-to-date. Trying to read.
2025-02-10 22:44:21,231 [Worker-1: Launching mavenrun-24aad8b8-e2a2-4047-94ca-c91c81e7a3b5] INFO  o.eclipse.m2e.core.internal.Bundles - getClasspathEntries(Bundle=org.eclipse.m2e.maven.runtime_3.9.900.20240824-1409 [642])
2025-02-10 22:44:21,235 [Worker-1: Launching mavenrun-24aad8b8-e2a2-4047-94ca-c91c81e7a3b5] INFO  o.eclipse.m2e.core.internal.Bundles - 	Entry: C:\Users\Sandeep\.p2\pool\plugins\org.eclipse.m2e.maven.runtime_3.9.900.20240824-1409
2025-02-10 22:44:21,236 [Worker-1: Launching mavenrun-24aad8b8-e2a2-4047-94ca-c91c81e7a3b5] INFO  o.eclipse.m2e.core.internal.Bundles - 	Entry: C:\Users\Sandeep\.p2\pool\plugins\org.eclipse.m2e.maven.runtime_3.9.900.20240824-1409\jars\aopalliance-1.0.jar
2025-02-10 22:44:21,236 [Worker-1: Launching mavenrun-24aad8b8-e2a2-4047-94ca-c91c81e7a3b5] INFO  o.eclipse.m2e.core.internal.Bundles - 	Entry: C:\Users\Sandeep\.p2\pool\plugins\org.eclipse.m2e.maven.runtime_3.9.900.20240824-1409\jars\guice-5.1.0.jar
2025-02-10 22:44:21,237 [Worker-1: Launching mavenrun-24aad8b8-e2a2-4047-94ca-c91c81e7a3b5] INFO  o.eclipse.m2e.core.internal.Bundles - 	Entry: C:\Users\Sandeep\.p2\pool\plugins\org.eclipse.m2e.maven.runtime_3.9.900.20240824-1409\jars\httpclient-4.5.14.jar
2025-02-10 22:44:21,237 [Worker-1: Launching mavenrun-24aad8b8-e2a2-4047-94ca-c91c81e7a3b5] INFO  o.eclipse.m2e.core.internal.Bundles - 	Entry: C:\Users\Sandeep\.p2\pool\plugins\org.eclipse.m2e.maven.runtime_3.9.900.20240824-1409\jars\httpcore-4.4.16.jar
2025-02-10 22:44:21,237 [Worker-1: Launching mavenrun-24aad8b8-e2a2-4047-94ca-c91c81e7a3b5] INFO  o.eclipse.m2e.core.internal.Bundles - 	Entry: C:\Users\Sandeep\.p2\pool\plugins\org.eclipse.m2e.maven.runtime_3.9.900.20240824-1409\jars\jansi-2.4.1.jar
2025-02-10 22:44:21,238 [Worker-1: Launching mavenrun-24aad8b8-e2a2-4047-94ca-c91c81e7a3b5] INFO  o.eclipse.m2e.core.internal.Bundles - 	Entry: C:\Users\Sandeep\.p2\pool\plugins\org.eclipse.m2e.maven.runtime_3.9.900.20240824-1409\jars\jcl-over-slf4j-1.7.36.jar
2025-02-10 22:44:21,238 [Worker-1: Launching mavenrun-24aad8b8-e2a2-4047-94ca-c91c81e7a3b5] INFO  o.eclipse.m2e.core.internal.Bundles - 	Entry: C:\Users\Sandeep\.p2\pool\plugins\org.eclipse.m2e.maven.runtime_3.9.900.20240824-1409\jars\maven-artifact-3.9.9.jar
2025-02-10 22:44:21,238 [Worker-1: Launching mavenrun-24aad8b8-e2a2-4047-94ca-c91c81e7a3b5] INFO  o.eclipse.m2e.core.internal.Bundles - 	Entry: C:\Users\Sandeep\.p2\pool\plugins\org.eclipse.m2e.maven.runtime_3.9.900.20240824-1409\jars\maven-builder-support-3.9.9.jar
2025-02-10 22:44:21,239 [Worker-1: Launching mavenrun-24aad8b8-e2a2-4047-94ca-c91c81e7a3b5] INFO  o.eclipse.m2e.core.internal.Bundles - 	Entry: C:\Users\Sandeep\.p2\pool\plugins\org.eclipse.m2e.maven.runtime_3.9.900.20240824-1409\jars\maven-compat-3.9.9.jar
2025-02-10 22:44:21,239 [Worker-1: Launching mavenrun-24aad8b8-e2a2-4047-94ca-c91c81e7a3b5] INFO  o.eclipse.m2e.core.internal.Bundles - 	Entry: C:\Users\Sandeep\.p2\pool\plugins\org.eclipse.m2e.maven.runtime_3.9.900.20240824-1409\jars\maven-core-3.9.9.jar
2025-02-10 22:44:21,239 [Worker-1: Launching mavenrun-24aad8b8-e2a2-4047-94ca-c91c81e7a3b5] INFO  o.eclipse.m2e.core.internal.Bundles - 	Entry: C:\Users\Sandeep\.p2\pool\plugins\org.eclipse.m2e.maven.runtime_3.9.900.20240824-1409\jars\maven-embedder-3.9.9.jar
2025-02-10 22:44:21,240 [Worker-1: Launching mavenrun-24aad8b8-e2a2-4047-94ca-c91c81e7a3b5] INFO  o.eclipse.m2e.core.internal.Bundles - 	Entry: C:\Users\Sandeep\.p2\pool\plugins\org.eclipse.m2e.maven.runtime_3.9.900.20240824-1409\jars\maven-model-3.9.9.jar
2025-02-10 22:44:21,240 [Worker-1: Launching mavenrun-24aad8b8-e2a2-4047-94ca-c91c81e7a3b5] INFO  o.eclipse.m2e.core.internal.Bundles - 	Entry: C:\Users\Sandeep\.p2\pool\plugins\org.eclipse.m2e.maven.runtime_3.9.900.20240824-1409\jars\maven-model-builder-3.9.9.jar
2025-02-10 22:44:21,240 [Worker-1: Launching mavenrun-24aad8b8-e2a2-4047-94ca-c91c81e7a3b5] INFO  o.eclipse.m2e.core.internal.Bundles - 	Entry: C:\Users\Sandeep\.p2\pool\plugins\org.eclipse.m2e.maven.runtime_3.9.900.20240824-1409\jars\maven-plugin-api-3.9.9.jar
2025-02-10 22:44:21,241 [Worker-1: Launching mavenrun-24aad8b8-e2a2-4047-94ca-c91c81e7a3b5] INFO  o.eclipse.m2e.core.internal.Bundles - 	Entry: C:\Users\Sandeep\.p2\pool\plugins\org.eclipse.m2e.maven.runtime_3.9.900.20240824-1409\jars\maven-repository-metadata-3.9.9.jar
2025-02-10 22:44:21,241 [Worker-1: Launching mavenrun-24aad8b8-e2a2-4047-94ca-c91c81e7a3b5] INFO  o.eclipse.m2e.core.internal.Bundles - 	Entry: C:\Users\Sandeep\.p2\pool\plugins\org.eclipse.m2e.maven.runtime_3.9.900.20240824-1409\jars\maven-resolver-api-1.9.22.jar
2025-02-10 22:44:21,241 [Worker-1: Launching mavenrun-24aad8b8-e2a2-4047-94ca-c91c81e7a3b5] INFO  o.eclipse.m2e.core.internal.Bundles - 	Entry: C:\Users\Sandeep\.p2\pool\plugins\org.eclipse.m2e.maven.runtime_3.9.900.20240824-1409\jars\maven-resolver-connector-basic-1.9.22.jar
2025-02-10 22:44:21,241 [Worker-1: Launching mavenrun-24aad8b8-e2a2-4047-94ca-c91c81e7a3b5] INFO  o.eclipse.m2e.core.internal.Bundles - 	Entry: C:\Users\Sandeep\.p2\pool\plugins\org.eclipse.m2e.maven.runtime_3.9.900.20240824-1409\jars\maven-resolver-impl-1.9.22.jar
2025-02-10 22:44:21,242 [Worker-1: Launching mavenrun-24aad8b8-e2a2-4047-94ca-c91c81e7a3b5] INFO  o.eclipse.m2e.core.internal.Bundles - 	Entry: C:\Users\Sandeep\.p2\pool\plugins\org.eclipse.m2e.maven.runtime_3.9.900.20240824-1409\jars\maven-resolver-named-locks-1.9.22.jar
2025-02-10 22:44:21,242 [Worker-1: Launching mavenrun-24aad8b8-e2a2-4047-94ca-c91c81e7a3b5] INFO  o.eclipse.m2e.core.internal.Bundles - 	Entry: C:\Users\Sandeep\.p2\pool\plugins\org.eclipse.m2e.maven.runtime_3.9.900.20240824-1409\jars\maven-resolver-provider-3.9.9.jar
2025-02-10 22:44:21,242 [Worker-1: Launching mavenrun-24aad8b8-e2a2-4047-94ca-c91c81e7a3b5] INFO  o.eclipse.m2e.core.internal.Bundles - 	Entry: C:\Users\Sandeep\.p2\pool\plugins\org.eclipse.m2e.maven.runtime_3.9.900.20240824-1409\jars\maven-resolver-spi-1.9.22.jar
2025-02-10 22:44:21,243 [Worker-1: Launching mavenrun-24aad8b8-e2a2-4047-94ca-c91c81e7a3b5] INFO  o.eclipse.m2e.core.internal.Bundles - 	Entry: C:\Users\Sandeep\.p2\pool\plugins\org.eclipse.m2e.maven.runtime_3.9.900.20240824-1409\jars\maven-resolver-transport-file-1.9.22.jar
2025-02-10 22:44:21,243 [Worker-1: Launching mavenrun-24aad8b8-e2a2-4047-94ca-c91c81e7a3b5] INFO  o.eclipse.m2e.core.internal.Bundles - 	Entry: C:\Users\Sandeep\.p2\pool\plugins\org.eclipse.m2e.maven.runtime_3.9.900.20240824-1409\jars\maven-resolver-transport-http-1.9.22.jar
2025-02-10 22:44:21,243 [Worker-1: Launching mavenrun-24aad8b8-e2a2-4047-94ca-c91c81e7a3b5] INFO  o.eclipse.m2e.core.internal.Bundles - 	Entry: C:\Users\Sandeep\.p2\pool\plugins\org.eclipse.m2e.maven.runtime_3.9.900.20240824-1409\jars\maven-resolver-transport-wagon-1.9.22.jar
2025-02-10 22:44:21,244 [Worker-1: Launching mavenrun-24aad8b8-e2a2-4047-94ca-c91c81e7a3b5] INFO  o.eclipse.m2e.core.internal.Bundles - 	Entry: C:\Users\Sandeep\.p2\pool\plugins\org.eclipse.m2e.maven.runtime_3.9.900.20240824-1409\jars\maven-resolver-util-1.9.22.jar
2025-02-10 22:44:21,244 [Worker-1: Launching mavenrun-24aad8b8-e2a2-4047-94ca-c91c81e7a3b5] INFO  o.eclipse.m2e.core.internal.Bundles - 	Entry: C:\Users\Sandeep\.p2\pool\plugins\org.eclipse.m2e.maven.runtime_3.9.900.20240824-1409\jars\maven-settings-3.9.9.jar
2025-02-10 22:44:21,244 [Worker-1: Launching mavenrun-24aad8b8-e2a2-4047-94ca-c91c81e7a3b5] INFO  o.eclipse.m2e.core.internal.Bundles - 	Entry: C:\Users\Sandeep\.p2\pool\plugins\org.eclipse.m2e.maven.runtime_3.9.900.20240824-1409\jars\maven-settings-builder-3.9.9.jar
2025-02-10 22:44:21,245 [Worker-1: Launching mavenrun-24aad8b8-e2a2-4047-94ca-c91c81e7a3b5] INFO  o.eclipse.m2e.core.internal.Bundles - 	Entry: C:\Users\Sandeep\.p2\pool\plugins\org.eclipse.m2e.maven.runtime_3.9.900.20240824-1409\jars\maven-shared-utils-3.4.2.jar
2025-02-10 22:44:21,245 [Worker-1: Launching mavenrun-24aad8b8-e2a2-4047-94ca-c91c81e7a3b5] INFO  o.eclipse.m2e.core.internal.Bundles - 	Entry: C:\Users\Sandeep\.p2\pool\plugins\org.eclipse.m2e.maven.runtime_3.9.900.20240824-1409\jars\org.eclipse.sisu.inject-0.9.0.M3.jar
2025-02-10 22:44:21,246 [Worker-1: Launching mavenrun-24aad8b8-e2a2-4047-94ca-c91c81e7a3b5] INFO  o.eclipse.m2e.core.internal.Bundles - 	Entry: C:\Users\Sandeep\.p2\pool\plugins\org.eclipse.m2e.maven.runtime_3.9.900.20240824-1409\jars\org.eclipse.sisu.plexus-0.9.0.M3.jar
2025-02-10 22:44:21,246 [Worker-1: Launching mavenrun-24aad8b8-e2a2-4047-94ca-c91c81e7a3b5] INFO  o.eclipse.m2e.core.internal.Bundles - 	Entry: C:\Users\Sandeep\.p2\pool\plugins\org.eclipse.m2e.maven.runtime_3.9.900.20240824-1409\jars\plexus-build-api-0.0.7.jar
2025-02-10 22:44:21,246 [Worker-1: Launching mavenrun-24aad8b8-e2a2-4047-94ca-c91c81e7a3b5] INFO  o.eclipse.m2e.core.internal.Bundles - 	Entry: C:\Users\Sandeep\.p2\pool\plugins\org.eclipse.m2e.maven.runtime_3.9.900.20240824-1409\jars\plexus-build-api-1.2.0.jar
2025-02-10 22:44:21,247 [Worker-1: Launching mavenrun-24aad8b8-e2a2-4047-94ca-c91c81e7a3b5] INFO  o.eclipse.m2e.core.internal.Bundles - 	Entry: C:\Users\Sandeep\.p2\pool\plugins\org.eclipse.m2e.maven.runtime_3.9.900.20240824-1409\jars\plexus-cipher-2.0.jar
2025-02-10 22:44:21,247 [Worker-1: Launching mavenrun-24aad8b8-e2a2-4047-94ca-c91c81e7a3b5] INFO  o.eclipse.m2e.core.internal.Bundles - 	Entry: C:\Users\Sandeep\.p2\pool\plugins\org.eclipse.m2e.maven.runtime_3.9.900.20240824-1409\jars\plexus-classworlds-2.8.0.jar
2025-02-10 22:44:21,247 [Worker-1: Launching mavenrun-24aad8b8-e2a2-4047-94ca-c91c81e7a3b5] INFO  o.eclipse.m2e.core.internal.Bundles - 	Entry: C:\Users\Sandeep\.p2\pool\plugins\org.eclipse.m2e.maven.runtime_3.9.900.20240824-1409\jars\plexus-component-annotations-2.1.0.jar
2025-02-10 22:44:21,248 [Worker-1: Launching mavenrun-24aad8b8-e2a2-4047-94ca-c91c81e7a3b5] INFO  o.eclipse.m2e.core.internal.Bundles - 	Entry: C:\Users\Sandeep\.p2\pool\plugins\org.eclipse.m2e.maven.runtime_3.9.900.20240824-1409\jars\plexus-interpolation-1.27.jar
2025-02-10 22:44:21,248 [Worker-1: Launching mavenrun-24aad8b8-e2a2-4047-94ca-c91c81e7a3b5] INFO  o.eclipse.m2e.core.internal.Bundles - 	Entry: C:\Users\Sandeep\.p2\pool\plugins\org.eclipse.m2e.maven.runtime_3.9.900.20240824-1409\jars\plexus-sec-dispatcher-2.0.jar
2025-02-10 22:44:21,248 [Worker-1: Launching mavenrun-24aad8b8-e2a2-4047-94ca-c91c81e7a3b5] INFO  o.eclipse.m2e.core.internal.Bundles - 	Entry: C:\Users\Sandeep\.p2\pool\plugins\org.eclipse.m2e.maven.runtime_3.9.900.20240824-1409\jars\plexus-utils-3.5.1.jar
2025-02-10 22:44:21,249 [Worker-1: Launching mavenrun-24aad8b8-e2a2-4047-94ca-c91c81e7a3b5] INFO  o.eclipse.m2e.core.internal.Bundles - 	Entry: C:\Users\Sandeep\.p2\pool\plugins\org.eclipse.m2e.maven.runtime_3.9.900.20240824-1409\jars\plexus-xml-3.0.1.jar
2025-02-10 22:44:21,249 [Worker-1: Launching mavenrun-24aad8b8-e2a2-4047-94ca-c91c81e7a3b5] INFO  o.eclipse.m2e.core.internal.Bundles - 	Entry: C:\Users\Sandeep\.p2\pool\plugins\org.eclipse.m2e.maven.runtime_3.9.900.20240824-1409\jars\wagon-file-3.5.3.jar
2025-02-10 22:44:21,250 [Worker-1: Launching mavenrun-24aad8b8-e2a2-4047-94ca-c91c81e7a3b5] INFO  o.eclipse.m2e.core.internal.Bundles - 	Entry: C:\Users\Sandeep\.p2\pool\plugins\org.eclipse.m2e.maven.runtime_3.9.900.20240824-1409\jars\wagon-http-3.5.3.jar
2025-02-10 22:44:21,250 [Worker-1: Launching mavenrun-24aad8b8-e2a2-4047-94ca-c91c81e7a3b5] INFO  o.eclipse.m2e.core.internal.Bundles - 	Entry: C:\Users\Sandeep\.p2\pool\plugins\org.eclipse.m2e.maven.runtime_3.9.900.20240824-1409\jars\wagon-http-shared-3.5.3.jar
2025-02-10 22:44:21,250 [Worker-1: Launching mavenrun-24aad8b8-e2a2-4047-94ca-c91c81e7a3b5] INFO  o.eclipse.m2e.core.internal.Bundles - 	Entry: C:\Users\Sandeep\.p2\pool\plugins\org.eclipse.m2e.maven.runtime_3.9.900.20240824-1409\jars\wagon-provider-api-3.5.3.jar
2025-02-10 22:44:21,253 [Worker-1: Launching mavenrun-24aad8b8-e2a2-4047-94ca-c91c81e7a3b5] INFO  o.eclipse.m2e.core.internal.Bundles - getClasspathEntries(Bundle=com.google.guava_33.3.1.jre [1028])
2025-02-10 22:44:21,254 [Worker-1: Launching mavenrun-24aad8b8-e2a2-4047-94ca-c91c81e7a3b5] INFO  o.eclipse.m2e.core.internal.Bundles - 	Entry: C:\Users\Sandeep\.p2\pool\plugins\com.google.guava_33.3.1.jre.jar
2025-02-10 22:44:21,254 [Worker-1: Launching mavenrun-24aad8b8-e2a2-4047-94ca-c91c81e7a3b5] INFO  o.eclipse.m2e.core.internal.Bundles - getClasspathEntries(Bundle=slf4j.api_2.0.16 [1007])
2025-02-10 22:44:21,255 [Worker-1: Launching mavenrun-24aad8b8-e2a2-4047-94ca-c91c81e7a3b5] INFO  o.eclipse.m2e.core.internal.Bundles - 	Entry: C:\Users\Sandeep\.p2\pool\plugins\slf4j.api_2.0.16.jar
2025-02-10 22:44:21,255 [Worker-1: Launching mavenrun-24aad8b8-e2a2-4047-94ca-c91c81e7a3b5] INFO  o.eclipse.m2e.core.internal.Bundles - getClasspathEntries(Bundle=jakarta.inject.jakarta.inject-api_1.0.5 [34])
2025-02-10 22:44:21,256 [Worker-1: Launching mavenrun-24aad8b8-e2a2-4047-94ca-c91c81e7a3b5] INFO  o.eclipse.m2e.core.internal.Bundles - 	Entry: C:\Users\Sandeep\.p2\pool\plugins\jakarta.inject.jakarta.inject-api_1.0.5.jar
2025-02-10 22:44:21,256 [Worker-1: Launching mavenrun-24aad8b8-e2a2-4047-94ca-c91c81e7a3b5] INFO  o.eclipse.m2e.core.internal.Bundles - getClasspathEntries(Bundle=jakarta.annotation-api_1.3.5 [29])
2025-02-10 22:44:21,257 [Worker-1: Launching mavenrun-24aad8b8-e2a2-4047-94ca-c91c81e7a3b5] INFO  o.eclipse.m2e.core.internal.Bundles - 	Entry: C:\Users\Sandeep\.p2\pool\plugins\jakarta.annotation-api_1.3.5.jar
2025-02-10 22:44:21,257 [Worker-1: Launching mavenrun-24aad8b8-e2a2-4047-94ca-c91c81e7a3b5] INFO  o.eclipse.m2e.core.internal.Bundles - getClasspathEntries(Bundle=org.apache.commons.cli_1.9.0 [78])
2025-02-10 22:44:21,257 [Worker-1: Launching mavenrun-24aad8b8-e2a2-4047-94ca-c91c81e7a3b5] INFO  o.eclipse.m2e.core.internal.Bundles - 	Entry: C:\Users\Sandeep\.p2\pool\plugins\org.apache.commons.cli_1.9.0.jar
2025-02-10 22:44:21,258 [Worker-1: Launching mavenrun-24aad8b8-e2a2-4047-94ca-c91c81e7a3b5] INFO  o.eclipse.m2e.core.internal.Bundles - getClasspathEntries(Bundle=org.apache.commons.commons-codec_1.16.0 [81])
2025-02-10 22:44:21,258 [Worker-1: Launching mavenrun-24aad8b8-e2a2-4047-94ca-c91c81e7a3b5] INFO  o.eclipse.m2e.core.internal.Bundles - 	Entry: C:\Users\Sandeep\.p2\pool\plugins\org.apache.commons.commons-codec_1.16.0.jar
2025-02-10 22:44:21,258 [Worker-1: Launching mavenrun-24aad8b8-e2a2-4047-94ca-c91c81e7a3b5] INFO  o.eclipse.m2e.core.internal.Bundles - getClasspathEntries(Bundle=com.google.guava.failureaccess_1.0.2 [17])
2025-02-10 22:44:21,259 [Worker-1: Launching mavenrun-24aad8b8-e2a2-4047-94ca-c91c81e7a3b5] INFO  o.eclipse.m2e.core.internal.Bundles - 	Entry: C:\Users\Sandeep\.p2\pool\plugins\com.google.guava.failureaccess_1.0.2.jar
2025-02-10 22:44:21,265 [Worker-1: Launching mavenrun-24aad8b8-e2a2-4047-94ca-c91c81e7a3b5] INFO  o.e.m.i.launch.MavenLaunchDelegate - Run build in "C:\Users\Sandeep\AppData\Local\Temp\m2e-archetypeGenerator1692329073297872685":
2025-02-10 22:44:21,271 [Worker-1: Launching mavenrun-24aad8b8-e2a2-4047-94ca-c91c81e7a3b5] INFO  o.e.m.i.launch.MavenLaunchDelegate -  mvn  -DarchetypeGroupId=org.apache.maven.archetypes -DarchetypeArtifactId=maven-archetype-quickstart -DarchetypeVersion=1.1 -DgroupId=com.b -DartifactId=DemoProject -Dversion=0.0.1-SNAPSHOT -Dpackage=com.b.DemoProject -DoutputDirectory=C:\Users\Sandeep\Desktop\BikkadIT\GitConflict -Dstyle.color=always -U archetype:generate
2025-02-10 22:45:00,715 [Worker-0: Creating maven-archetype-quickstart] INFO  o.e.m.c.i.p.ProjectConfigurationManager - Collecting project info '/pom.xml' C:\Users\Sandeep\Desktop\BikkadIT\GitConflict\DemoProject\pom.xml
2025-02-10 22:45:01,909 [Worker-0: Creating maven-archetype-quickstart] INFO  o.e.m.c.i.l.LifecycleMappingFactory - Using org.eclipse.m2e.jdt.JarLifecycleMapping lifecycle mapping for MavenProject: com.b:DemoProject:0.0.1-SNAPSHOT @ C:\Users\Sandeep\Desktop\BikkadIT\GitConflict\DemoProject\pom.xml.
2025-02-10 22:45:03,404 [Worker-0: Creating maven-archetype-quickstart] INFO  o.e.m.j.i.AbstractJavaProjectConfigurator - Adding source folder /DemoProject/src/main/java
2025-02-10 22:45:03,411 [Worker-0: Creating maven-archetype-quickstart] INFO  o.e.m.j.i.AbstractJavaProjectConfigurator - Adding resource folder /DemoProject/src/main/resources
2025-02-10 22:45:03,420 [Worker-0: Creating maven-archetype-quickstart] INFO  o.e.m.j.i.AbstractJavaProjectConfigurator - Adding source folder /DemoProject/src/test/java
2025-02-10 22:45:03,422 [Worker-0: Creating maven-archetype-quickstart] INFO  o.e.m.j.i.AbstractJavaProjectConfigurator - Adding resource folder /DemoProject/src/test/resources
2025-02-10 22:45:03,642 [Worker-0: Creating maven-archetype-quickstart] INFO  o.e.m.c.i.p.ProjectConfigurationManager - Imported and configured 1 project(s) in 2 sec
2025-02-10 22:45:05,516 [Worker-9: Building] INFO  o.a.m.s.f.DefaultMavenResourcesFiltering - skip non existing resourceDirectory C:\Users\Sandeep\Desktop\BikkadIT\GitConflict\DemoProject\src\main\resources
2025-02-10 22:45:05,546 [Worker-9: Building] INFO  o.a.m.s.f.DefaultMavenResourcesFiltering - skip non existing resourceDirectory C:\Users\Sandeep\Desktop\BikkadIT\GitConflict\DemoProject\src\test\resources
2025-02-10 22:46:47,131 [Worker-4: Building] INFO  o.a.m.s.f.DefaultMavenResourcesFiltering - skip non existing resourceDirectory C:\Users\Sandeep\Desktop\BikkadIT\GitConflict\DemoProject\src\main\resources
2025-02-10 22:46:47,148 [Worker-4: Building] INFO  o.a.m.s.f.DefaultMavenResourcesFiltering - skip non existing resourceDirectory C:\Users\Sandeep\Desktop\BikkadIT\GitConflict\DemoProject\src\test\resources
2025-02-10 22:47:20,982 [Worker-7: Building] INFO  o.e.m.c.i.l.LifecycleMappingFactory - Using org.eclipse.m2e.jdt.JarLifecycleMapping lifecycle mapping for MavenProject: com.b:DemoProject:0.0.1-SNAPSHOT @ C:\Users\Sandeep\Desktop\BikkadIT\GitConflict\DemoProject\pom.xml.
2025-02-10 22:47:21,294 [Worker-7: Building] INFO  o.a.m.s.f.DefaultMavenResourcesFiltering - skip non existing resourceDirectory C:\Users\Sandeep\Desktop\BikkadIT\GitConflict\DemoProject\src\main\resources
2025-02-10 22:47:21,301 [Worker-7: Building] INFO  o.a.m.s.f.DefaultMavenResourcesFiltering - skip non existing resourceDirectory C:\Users\Sandeep\Desktop\BikkadIT\GitConflict\DemoProject\src\test\resources
